################################################################
################################################################

Vivants
________________
Sara	Connor	CITIZEN	33	7
Pierre	Chevalier	CITIZEN	26	4
Cécile	Jeanson	CITIZEN	27	3
Adrien	Pierreval	CITIZEN	26	5
John	Smith	CITIZEN	45	6
Poca	hontas	CITIZEN	45	6
Jason	Statur	CITIZEN	57	7
Leia	Organa	CITIZEN	70	6
Michelle	Chabrol	CITIZEN	64	5
Monsieur	Chabrol	CITIZEN	64	7
Scarlett	Johansson	CITIZEN	36	5
Cindy	Roche	CITIZEN	27	8
shlomo	Garçon	CITIZEN	3	1
corbin	Jeanson	CITIZEN	3	1
consuela	Connor	CITIZEN	3	1
Benjamin	Barbesange	VILAIN	26	1
Benoît	Garçon	HERO	27	1
----------------------------------------------------------------
CITIZEN	15	HERO	1	VILAIN	1	GROUP	0	
----------------------------------------------------------------

Morts
________________
Tina	Turner	CITIZEN	71	2
----------------------------------------------------------------
CITIZEN	1	HERO	0	VILAIN	0	GROUP	0	
----------------------------------------------------------------

Street
________________
TYPE	MONEY
Street	0
Street	14
Street	0
Street	40
Street	72
Street	0
Street	0
Street	0
Street	0
Street	0
Street	0
Street	0
Street	0
Street	0
Street	0
Street	0
Street	67
Street	0
Street	0
Street	0
Street	0
Street	0
Street	0
Street	0
Street	0
Street	0
Street	0
Street	0
Street	0
Street	0
Street	0
Street	0
Street	0
Street	0
Street	0
Street	0
Street	0
Street	0
Street	19
Street	0
Street	0
Street	0
Street	0
Street	42
Street	10
Street	0
Street	0
Street	0
Street	0
Street	0
Street	0
Street	0
Street	52

Bank
________________
TYPE	MONEY
Bank	31414
Bank	45752

HeadQuarter
________________
TYPE	MONEY
HeadQuarter	34
HeadQuarter	500
HeadQuarter	744
HeadQuarter	500
HeadQuarter	500
HeadQuarter	1595
HeadQuarter	500
HeadQuarter	500
HeadQuarter	1731
HeadQuarter	500
HeadQuarter	500
HeadQuarter	500
HeadQuarter	500
HeadQuarter	500
HeadQuarter	500
HeadQuarter	500
HeadQuarter	500
HeadQuarter	2315
HeadQuarter	500
HeadQuarter	2651
HeadQuarter	500
HeadQuarter	500
HeadQuarter	500
HeadQuarter	500
HeadQuarter	500
HeadQuarter	500
HeadQuarter	551
HeadQuarter	1036
HeadQuarter	500
HeadQuarter	500
HeadQuarter	500
HeadQuarter	500
HeadQuarter	839
HeadQuarter	500
HeadQuarter	500
HeadQuarter	500
HeadQuarter	463
HeadQuarter	500
HeadQuarter	500
HeadQuarter	1539
HeadQuarter	500
HeadQuarter	6028

HeroHQ
________________
TYPE	MONEY
HeroHQ	500

VilainHQ
________________
TYPE	MONEY
VilainHQ	500
VilainHQ	500

----------------------------------------------------------------
Street	316	Bank	77166	HeadQuarter	34526	HeroHQ	500	VilainHQ	1000	
----------------------------------------------------------------

################################################################
################################################################